1          00000     CSC_354:    START      #0               
2          00000     FIRST:      RESW       1                
3          00003     GO:         LDA        =0CABCDE         032015    
4          00006                 LDA        =0X00ff          032017    
5          00009                 +LDT       =0X02468A        77100022    
6          0000D     SECOND:     BYTE       0Cxyz            78797A    
7          00010     THIRD:      RESB       6                
8          00016     FOURTH:     BYTE       0X00FF           0000FF    
9          00018     FIFTH:      BYTE       0Cxyz            78797A    
10         0001B                 END        GO               
11         0001B     *           =0CABCDE                    4142434445    
12         00020     *           =0X00ff                     0000FF    
13         00022     *           =0X02468A                   02468A    


===SYM_START===
______________________________________________
Symbol Table:
______________________________________________
Symbol     Value      RFlag  IFlag  MFlag 
______________________________________________
CSC_       00000      1      1      0     
FIFT       00018      1      1      0     
FIRS       00000      1      1      0     
FOUR       00016      1      1      0     
GO         00003      1      1      0     
SECO       0000D      1      1      0     
THIR       00010      1      1      0     
______________________________________________

===SYM_END===


===LIT_START===
Literal Table:
Literal    Value      Length Address 
=0CABCDE   4142434445 5      0001B   
=0X00ff    00FF       2      00020   
=0X02468A  02468A     3      00022   
===LIT_END===
